{"message":"Página inicial da aplicação","level":"info"}
{"message":"GET / 304 - - 1.020 ms\n","level":"info"}
{"message":"GET /ecommerce/auth/google 302 0 - 4.914 ms\n","level":"info"}
{"message":"GET /ecommerce/auth/google/callback?code=4%2FrgHdxH0fIQfIZeuxeCJIzCv1XRRsluJ0DYczbZkka_P-ZAmQnozoqCGYRuQOvGOKf-_Fk4QblRRhCSu5EGiM5ao&scope=email+profile+https%3A%2F%2Fwww.googleapis.com%2Fauth%2Fuserinfo.profile+https%3A%2F%2Fwww.googleapis.com%2Fauth%2Fuserinfo.email+openid&authuser=0&session_state=e2dc56641cf52610f9ab4829d34abd8c3a15013c..ebfb&prompt=consent 200 238 - 734.545 ms\n","level":"info"}
{"message":"GET /ecommerce/cupons - - - - ms\n","level":"info"}
{"message":"GET /ecommerce/cupons - - - - ms\n","level":"info"}
{"message":"GET /ecommerce/produtos 304 - - 222.922 ms\n","level":"info"}
{"message":"GET /ecommerce/cupons 302 0 - 14.347 ms\n","level":"info"}
{"message":"GET /ecommerce/cupons 302 0 - 1.038 ms\n","level":"info"}
{"message":"GET /ecommerce/cupons 302 0 - 0.912 ms\n","level":"info"}
{"message":"POST /ecommerce/login 401 42 - 332.560 ms\n","level":"info"}
{"message":"GET /ecommerce/logout 302 0 - 1.376 ms\n","level":"info"}
{"message":"GET /ecommerce/cupons 200 1273 - 2672.926 ms\n","level":"info"}
{"message":"GET /ecommerce/cupons 304 - - 189.808 ms\n","level":"info"}
{"error":{"code":"EADDRINUSE","errno":"EADDRINUSE","syscall":"listen","address":"::","port":3000},"level":"error","message":"uncaughtException: listen EADDRINUSE: address already in use :::3000\nError: listen EADDRINUSE: address already in use :::3000\n    at Server.setupListenHandle [as _listen2] (net.js:1270:14)\n    at listenInCluster (net.js:1318:12)\n    at Server.listen (net.js:1405:7)\n    at Function.listen (c:\\Users\\Renato Anunciação\\Desktop\\ecommerceApi-master\\node_modules\\express\\lib\\application.js:618:24)\n    at Object.<anonymous> (c:\\Users\\Renato Anunciação\\Desktop\\ecommerceApi-master\\server.js:68:5)\n    at Module._compile (internal/modules/cjs/loader.js:698:14)\n    at Object.Module._extensions..js (internal/modules/cjs/loader.js:712:10)\n    at Module.load (internal/modules/cjs/loader.js:600:32)\n    at tryModuleLoad (internal/modules/cjs/loader.js:539:12)\n    at Function.Module._load (internal/modules/cjs/loader.js:531:3)\n    at Function.Module.runMain (internal/modules/cjs/loader.js:754:12)\n    at startup (internal/bootstrap/node.js:283:19)\n    at bootstrapNodeJSCore (internal/bootstrap/node.js:622:3)","stack":"Error: listen EADDRINUSE: address already in use :::3000\n    at Server.setupListenHandle [as _listen2] (net.js:1270:14)\n    at listenInCluster (net.js:1318:12)\n    at Server.listen (net.js:1405:7)\n    at Function.listen (c:\\Users\\Renato Anunciação\\Desktop\\ecommerceApi-master\\node_modules\\express\\lib\\application.js:618:24)\n    at Object.<anonymous> (c:\\Users\\Renato Anunciação\\Desktop\\ecommerceApi-master\\server.js:68:5)\n    at Module._compile (internal/modules/cjs/loader.js:698:14)\n    at Object.Module._extensions..js (internal/modules/cjs/loader.js:712:10)\n    at Module.load (internal/modules/cjs/loader.js:600:32)\n    at tryModuleLoad (internal/modules/cjs/loader.js:539:12)\n    at Function.Module._load (internal/modules/cjs/loader.js:531:3)\n    at Function.Module.runMain (internal/modules/cjs/loader.js:754:12)\n    at startup (internal/bootstrap/node.js:283:19)\n    at bootstrapNodeJSCore (internal/bootstrap/node.js:622:3)","exception":true,"date":"Sat Sep 28 2019 13:33:45 GMT-0300 (GMT-03:00)","process":{"pid":11460,"uid":null,"gid":null,"cwd":"c:\\Users\\Renato Anunciação\\Desktop\\ecommerceApi-master","execPath":"C:\\Program Files\\nodejs\\node.exe","version":"v10.15.3","argv":["C:\\Program Files\\nodejs\\node.exe","c:\\Users\\Renato Anunciação\\Desktop\\ecommerceApi-master\\server.js"],"memoryUsage":{"rss":71888896,"heapTotal":57405440,"heapUsed":28932120,"external":18335584}},"os":{"loadavg":[0,0,0],"uptime":407917},"trace":[{"column":14,"file":"net.js","function":"Server.setupListenHandle [as _listen2]","line":1270,"method":"setupListenHandle [as _listen2]","native":false},{"column":12,"file":"net.js","function":"listenInCluster","line":1318,"method":null,"native":false},{"column":7,"file":"net.js","function":"Server.listen","line":1405,"method":"listen","native":false},{"column":24,"file":"c:\\Users\\Renato Anunciação\\Desktop\\ecommerceApi-master\\node_modules\\express\\lib\\application.js","function":"Function.listen","line":618,"method":"listen","native":false},{"column":5,"file":"c:\\Users\\Renato Anunciação\\Desktop\\ecommerceApi-master\\server.js","function":null,"line":68,"method":null,"native":false},{"column":14,"file":"internal/modules/cjs/loader.js","function":"Module._compile","line":698,"method":"_compile","native":false},{"column":10,"file":"internal/modules/cjs/loader.js","function":"Module._extensions..js","line":712,"method":".js","native":false},{"column":32,"file":"internal/modules/cjs/loader.js","function":"Module.load","line":600,"method":"load","native":false},{"column":12,"file":"internal/modules/cjs/loader.js","function":"tryModuleLoad","line":539,"method":null,"native":false},{"column":3,"file":"internal/modules/cjs/loader.js","function":"Module._load","line":531,"method":"_load","native":false},{"column":12,"file":"internal/modules/cjs/loader.js","function":"Module.runMain","line":754,"method":"runMain","native":false},{"column":19,"file":"internal/bootstrap/node.js","function":"startup","line":283,"method":null,"native":false},{"column":3,"file":"internal/bootstrap/node.js","function":"bootstrapNodeJSCore","line":622,"method":null,"native":false}]}
{"message":"GET /api-docs 301 183 - 10.007 ms\n","level":"info"}
{"message":"GET /api-docs/ 200 3113 - 3.248 ms\n","level":"info"}
{"message":"GET /api-docs/swagger-ui-init.js 200 7197 - 0.776 ms\n","level":"info"}
{"message":"GET /api-docs/swagger-ui-standalone-preset.js 200 295198 - 11.817 ms\n","level":"info"}
{"message":"GET /api-docs/swagger-ui.css 200 141820 - 76.234 ms\n","level":"info"}
{"message":"GET /api-docs/swagger-ui-bundle.js 200 957138 - 16.534 ms\n","level":"info"}
{"message":"GET /api-docs/favicon-32x32.png 200 628 - 2.566 ms\n","level":"info"}
{"message":"GET /ecommerce/cupons 304 - - 213.511 ms\n","level":"info"}
{"message":"POST /ecommerce/cupons 400 1129 - 22.232 ms\n","level":"info"}
{"message":"POST /ecommerce/cupons 400 750 - 3.124 ms\n","level":"info"}
{"message":"POST /ecommerce/cupons 201 402 - 215.333 ms\n","level":"info"}
{"message":"GET /ecommerce/cupons 200 1521 - 187.453 ms\n","level":"info"}
{"message":"GET /ecommerce/logout 302 0 - 7.807 ms\n","level":"info"}
{"message":"Página inicial da aplicação","level":"info"}
{"message":"GET / 304 - - 0.859 ms\n","level":"info"}
{"message":"GET /ecommerce/cupons 302 0 - 11.658 ms\n","level":"info"}
{"message":"GET /ecommerce/auth/google 302 0 - 4.038 ms\n","level":"info"}
{"message":"GET /ecommerce/usuarios 401 29 - 3.944 ms\n","level":"info"}
{"message":"GET /api-docs/ 304 - - 14.500 ms\n","level":"info"}
{"message":"GET /api-docs/swagger-ui.css 304 - - 3.580 ms\n","level":"info"}
{"message":"GET /api-docs/swagger-ui-bundle.js 304 - - 1.224 ms\n","level":"info"}
{"message":"GET /api-docs/swagger-ui-init.js 200 7865 - 0.793 ms\n","level":"info"}
{"message":"GET /api-docs/swagger-ui-standalone-preset.js 304 - - 15.583 ms\n","level":"info"}
{"message":"GET /api-docs/favicon-32x32.png 200 628 - 3.580 ms\n","level":"info"}
{"message":"POST /ecommerce/login 401 42 - 356.303 ms\n","level":"info"}
{"message":"POST /ecommerce/login 401 42 - 288.991 ms\n","level":"info"}
{"message":"POST /ecommerce/login 401 42 - 282.684 ms\n","level":"info"}
{"message":"POST /ecommerce/login 401 42 - 316.898 ms\n","level":"info"}
{"message":"POST /ecommerce/login 200 331 - 294.186 ms\n","level":"info"}
{"message":"GET /ecommerce/usuarios 401 29 - 0.540 ms\n","level":"info"}
{"message":"GET /ecommerce/cupons 302 0 - 12.052 ms\n","level":"info"}
{"message":"GET /ecommerce/auth/google 302 0 - 6.142 ms\n","level":"info"}
{"message":"GET /ecommerce/logout 302 0 - 0.847 ms\n","level":"info"}
{"message":"Página inicial da aplicação","level":"info"}
{"message":"GET / 304 - - 0.431 ms\n","level":"info"}
{"message":"GET /ecommerce/usuarios 401 29 - 0.379 ms\n","level":"info"}
{"message":"POST /ecommerce/login 200 331 - 294.425 ms\n","level":"info"}
{"message":"GET /ecommerce/usuarios 401 61 - 0.949 ms\n","level":"info"}
{"message":"GET /ecommerce/usuarios 401 61 - 0.677 ms\n","level":"info"}
{"message":"GET /ecommerce/cupons 302 44 - 12.271 ms\n","level":"info"}
{"message":"GET /ecommerce/auth/google 302 0 - 3.583 ms\n","level":"info"}
{"message":"GET /ecommerce/cupons 302 88 - 2.502 ms\n","level":"info"}
{"message":"GET /ecommerce/auth/google 302 0 - 1.141 ms\n","level":"info"}
{"message":"GET /ecommerce/auth/google/callback?code=4%2FrgGA1N7KAnY8--hYV8T17SVOZqQshfFhCtmpJL3-lHgSiBy0oc-J2SDKx3tnT3hJy7qHe0ZUzyESmIiNq5yTjOw&scope=email+profile+https%3A%2F%2Fwww.googleapis.com%2Fauth%2Fuserinfo.profile+https%3A%2F%2Fwww.googleapis.com%2Fauth%2Fuserinfo.email+openid&authuser=0&session_state=c96c2798ad8b117a3151980a1c1bf6327c7fc47d..3561&prompt=consent 200 232 - 871.514 ms\n","level":"info"}
{"message":"GET /ecommerce/cupons 200 1521 - 232.980 ms\n","level":"info"}
{"message":"GET /ecommerce/produtos 304 - - 186.413 ms\n","level":"info"}
{"message":"GET /ecommerce/cupons 302 44 - 5.945 ms\n","level":"info"}
{"message":"GET /ecommerce/auth/google 302 0 - 0.902 ms\n","level":"info"}
{"message":"GET /ecommerce/cupons 304 - - 185.632 ms\n","level":"info"}
{"message":"POST /ecommerce/login 200 331 - 300.479 ms\n","level":"info"}
{"message":"GET /ecommerce/cupons 304 - - 190.607 ms\n","level":"info"}
{"message":"GET /ecommerce/cupons 304 - - 202.580 ms\n","level":"info"}
{"message":"GET /ecommerce/cupons 304 - - 188.499 ms\n","level":"info"}
{"message":"GET /ecommerce/logout 302 0 - 0.647 ms\n","level":"info"}
{"message":"Página inicial da aplicação","level":"info"}
{"message":"GET / 304 - - 0.627 ms\n","level":"info"}
{"message":"GET /ecommerce/cupons 302 0 - 0.972 ms\n","level":"info"}
{"message":"GET /ecommerce/auth/google 302 0 - 1.161 ms\n","level":"info"}
{"message":"POST /ecommerce/login 200 331 - 281.924 ms\n","level":"info"}
{"message":"GET /ecommerce/cupons 302 0 - 0.789 ms\n","level":"info"}
{"message":"GET /ecommerce/auth/google 302 0 - 0.758 ms\n","level":"info"}
{"message":"GET /ecommerce/cupons 302 0 - 2.042 ms\n","level":"info"}
{"message":"GET /ecommerce/auth/google 302 0 - 0.709 ms\n","level":"info"}
{"message":"GET /ecommerce/usuarios 401 61 - 1.134 ms\n","level":"info"}
{"message":"GET /ecommerce/cupons 302 0 - 2.257 ms\n","level":"info"}
{"message":"GET /ecommerce/auth/google 302 0 - 0.889 ms\n","level":"info"}
{"message":"GET /ecommerce/auth/google/callback?code=4%2FrgGA1N7KAnY8--hYV8T17SVOZqQshfFhCtmpJL3-lHgSiBy0oc-J2SDKx3tnT3hJy7qHe0ZUzyESmIiNq5yTjOw&scope=email+profile+https%3A%2F%2Fwww.googleapis.com%2Fauth%2Fuserinfo.profile+https%3A%2F%2Fwww.googleapis.com%2Fauth%2Fuserinfo.email+openid&authuser=0&session_state=c96c2798ad8b117a3151980a1c1bf6327c7fc47d..3561&prompt=consent 500 1233 - 182.864 ms\n","level":"info"}
{"message":"GET /ecommerce/cupons 302 88 - 3.327 ms\n","level":"info"}
{"message":"GET /ecommerce/auth/google 302 0 - 0.674 ms\n","level":"info"}
{"message":"GET /ecommerce/auth/google/callback?code=4%2FrgHRudbi-XDBuaCrrcu5sxSkPGzGLyjJ_bQRQ7T-BT5e24imlGUN_ahdXBjAK7wy2ESg91qWrBdHSBWrNDC6_Cc&scope=email+profile+https%3A%2F%2Fwww.googleapis.com%2Fauth%2Fuserinfo.profile+https%3A%2F%2Fwww.googleapis.com%2Fauth%2Fuserinfo.email+openid&authuser=1&hd=upf.br&session_state=46d609c6a59c7bc104521b141576103b70856472..6a3d&prompt=consent 200 235 - 570.747 ms\n","level":"info"}
{"message":"GET /ecommerce/cupons 200 1521 - 188.149 ms\n","level":"info"}
{"message":"GET /ecommerce/cupons 304 - - 200.698 ms\n","level":"info"}
{"error":{"code":"EADDRINUSE","errno":"EADDRINUSE","syscall":"listen","address":"::","port":3000},"level":"error","message":"uncaughtException: listen EADDRINUSE: address already in use :::3000\nError: listen EADDRINUSE: address already in use :::3000\n    at Server.setupListenHandle [as _listen2] (net.js:1270:14)\n    at listenInCluster (net.js:1318:12)\n    at Server.listen (net.js:1405:7)\n    at Function.listen (C:\\Users\\Renato Anunciação\\Desktop\\ecommerceApi-master\\node_modules\\express\\lib\\application.js:618:24)\n    at Object.<anonymous> (C:\\Users\\Renato Anunciação\\Desktop\\ecommerceApi-master\\server.js:73:5)\n    at Module._compile (internal/modules/cjs/loader.js:701:30)\n    at Object.Module._extensions..js (internal/modules/cjs/loader.js:712:10)\n    at Module.load (internal/modules/cjs/loader.js:600:32)\n    at tryModuleLoad (internal/modules/cjs/loader.js:539:12)\n    at Function.Module._load (internal/modules/cjs/loader.js:531:3)\n    at Function.Module.runMain (internal/modules/cjs/loader.js:754:12)\n    at startup (internal/bootstrap/node.js:283:19)\n    at bootstrapNodeJSCore (internal/bootstrap/node.js:622:3)","stack":"Error: listen EADDRINUSE: address already in use :::3000\n    at Server.setupListenHandle [as _listen2] (net.js:1270:14)\n    at listenInCluster (net.js:1318:12)\n    at Server.listen (net.js:1405:7)\n    at Function.listen (C:\\Users\\Renato Anunciação\\Desktop\\ecommerceApi-master\\node_modules\\express\\lib\\application.js:618:24)\n    at Object.<anonymous> (C:\\Users\\Renato Anunciação\\Desktop\\ecommerceApi-master\\server.js:73:5)\n    at Module._compile (internal/modules/cjs/loader.js:701:30)\n    at Object.Module._extensions..js (internal/modules/cjs/loader.js:712:10)\n    at Module.load (internal/modules/cjs/loader.js:600:32)\n    at tryModuleLoad (internal/modules/cjs/loader.js:539:12)\n    at Function.Module._load (internal/modules/cjs/loader.js:531:3)\n    at Function.Module.runMain (internal/modules/cjs/loader.js:754:12)\n    at startup (internal/bootstrap/node.js:283:19)\n    at bootstrapNodeJSCore (internal/bootstrap/node.js:622:3)","exception":true,"date":"Sun Sep 29 2019 00:29:13 GMT-0300 (GMT-03:00)","process":{"pid":14884,"uid":null,"gid":null,"cwd":"C:\\Users\\Renato Anunciação\\Desktop\\ecommerceApi-master","execPath":"C:\\Program Files\\nodejs\\node.exe","version":"v10.15.3","argv":["C:\\Program Files\\nodejs\\node.exe","C:\\Users\\Renato Anunciação\\Desktop\\ecommerceApi-master\\server.js"],"memoryUsage":{"rss":60297216,"heapTotal":60891136,"heapUsed":26278144,"external":18217615}},"os":{"loadavg":[0,0,0],"uptime":447245},"trace":[{"column":14,"file":"net.js","function":"Server.setupListenHandle [as _listen2]","line":1270,"method":"setupListenHandle [as _listen2]","native":false},{"column":12,"file":"net.js","function":"listenInCluster","line":1318,"method":null,"native":false},{"column":7,"file":"net.js","function":"Server.listen","line":1405,"method":"listen","native":false},{"column":24,"file":"C:\\Users\\Renato Anunciação\\Desktop\\ecommerceApi-master\\node_modules\\express\\lib\\application.js","function":"Function.listen","line":618,"method":"listen","native":false},{"column":5,"file":"C:\\Users\\Renato Anunciação\\Desktop\\ecommerceApi-master\\server.js","function":null,"line":73,"method":null,"native":false},{"column":30,"file":"internal/modules/cjs/loader.js","function":"Module._compile","line":701,"method":"_compile","native":false},{"column":10,"file":"internal/modules/cjs/loader.js","function":"Module._extensions..js","line":712,"method":".js","native":false},{"column":32,"file":"internal/modules/cjs/loader.js","function":"Module.load","line":600,"method":"load","native":false},{"column":12,"file":"internal/modules/cjs/loader.js","function":"tryModuleLoad","line":539,"method":null,"native":false},{"column":3,"file":"internal/modules/cjs/loader.js","function":"Module._load","line":531,"method":"_load","native":false},{"column":12,"file":"internal/modules/cjs/loader.js","function":"Module.runMain","line":754,"method":"runMain","native":false},{"column":19,"file":"internal/bootstrap/node.js","function":"startup","line":283,"method":null,"native":false},{"column":3,"file":"internal/bootstrap/node.js","function":"bootstrapNodeJSCore","line":622,"method":null,"native":false}]}
{"message":"GET /ecommerce/auth/google/callback?code=4/rgFoovMp98z3bKXh3L6ULUcGyjHa_6BeTHSXm5OGvtQqda30_n-Eisqq6x6ku95AUThTVsh285wp0P3wZvcARMY&scope=email%20profile%20https://www.googleapis.com/auth/userinfo.profile%20https://www.googleapis.com/auth/userinfo.email&authuser=1&hd=upf.br&session_state=dbc73de029363ae7ecd0d5263a4cf3f13bbbbf52..c782&prompt=none 200 241 - 504.481 ms\n","level":"info"}
{"message":"GET /ecommerce/cupons 304 - - 222.765 ms\n","level":"info"}
{"message":"GET /ecommerce/produtos 200 2 - 166.704 ms\n","level":"info"}
{"message":"GET /ecommerce/produtos 200 858 - 207.729 ms\n","level":"info"}
{"message":"GET /ecommerce/produtos/saida/csv 304 - - 176.448 ms\n","level":"info"}
{"error":{"code":"MODULE_NOT_FOUND"},"level":"error","message":"uncaughtException: Cannot find module './app/controller/compra'\nError: Cannot find module './app/controller/compra'\n    at Function.Module._resolveFilename (internal/modules/cjs/loader.js:582:15)\n    at Function.Module._load (internal/modules/cjs/loader.js:508:25)\n    at Module.require (internal/modules/cjs/loader.js:637:17)\n    at require (internal/modules/cjs/helpers.js:22:18)\n    at Object.<anonymous> (C:\\Users\\Renato Anunciação\\Desktop\\ecommerceApi-master\\routes.js:4:20)\n    at Module._compile (internal/modules/cjs/loader.js:701:30)\n    at Object.Module._extensions..js (internal/modules/cjs/loader.js:712:10)\n    at Module.load (internal/modules/cjs/loader.js:600:32)\n    at tryModuleLoad (internal/modules/cjs/loader.js:539:12)\n    at Function.Module._load (internal/modules/cjs/loader.js:531:3)\n    at Module.require (internal/modules/cjs/loader.js:637:17)\n    at require (internal/modules/cjs/helpers.js:22:18)\n    at Object.<anonymous> (C:\\Users\\Renato Anunciação\\Desktop\\ecommerceApi-master\\server.js:19:16)\n    at Module._compile (internal/modules/cjs/loader.js:701:30)\n    at Object.Module._extensions..js (internal/modules/cjs/loader.js:712:10)\n    at Module.load (internal/modules/cjs/loader.js:600:32)","stack":"Error: Cannot find module './app/controller/compra'\n    at Function.Module._resolveFilename (internal/modules/cjs/loader.js:582:15)\n    at Function.Module._load (internal/modules/cjs/loader.js:508:25)\n    at Module.require (internal/modules/cjs/loader.js:637:17)\n    at require (internal/modules/cjs/helpers.js:22:18)\n    at Object.<anonymous> (C:\\Users\\Renato Anunciação\\Desktop\\ecommerceApi-master\\routes.js:4:20)\n    at Module._compile (internal/modules/cjs/loader.js:701:30)\n    at Object.Module._extensions..js (internal/modules/cjs/loader.js:712:10)\n    at Module.load (internal/modules/cjs/loader.js:600:32)\n    at tryModuleLoad (internal/modules/cjs/loader.js:539:12)\n    at Function.Module._load (internal/modules/cjs/loader.js:531:3)\n    at Module.require (internal/modules/cjs/loader.js:637:17)\n    at require (internal/modules/cjs/helpers.js:22:18)\n    at Object.<anonymous> (C:\\Users\\Renato Anunciação\\Desktop\\ecommerceApi-master\\server.js:19:16)\n    at Module._compile (internal/modules/cjs/loader.js:701:30)\n    at Object.Module._extensions..js (internal/modules/cjs/loader.js:712:10)\n    at Module.load (internal/modules/cjs/loader.js:600:32)","exception":true,"date":"Sun Sep 29 2019 11:16:47 GMT-0300 (GMT-03:00)","process":{"pid":21116,"uid":null,"gid":null,"cwd":"C:\\Users\\Renato Anunciação\\Desktop\\ecommerceApi-master","execPath":"C:\\Program Files\\nodejs\\node.exe","version":"v10.15.3","argv":["C:\\Program Files\\nodejs\\node.exe","C:\\Users\\Renato Anunciação\\Desktop\\ecommerceApi-master\\server.js"],"memoryUsage":{"rss":75739136,"heapTotal":60706816,"heapUsed":31041624,"external":18407321}},"os":{"loadavg":[0,0,0],"uptime":486099},"trace":[{"column":15,"file":"internal/modules/cjs/loader.js","function":"Module._resolveFilename","line":582,"method":"_resolveFilename","native":false},{"column":25,"file":"internal/modules/cjs/loader.js","function":"Module._load","line":508,"method":"_load","native":false},{"column":17,"file":"internal/modules/cjs/loader.js","function":"Module.require","line":637,"method":"require","native":false},{"column":18,"file":"internal/modules/cjs/helpers.js","function":"require","line":22,"method":null,"native":false},{"column":20,"file":"C:\\Users\\Renato Anunciação\\Desktop\\ecommerceApi-master\\routes.js","function":null,"line":4,"method":null,"native":false},{"column":30,"file":"internal/modules/cjs/loader.js","function":"Module._compile","line":701,"method":"_compile","native":false},{"column":10,"file":"internal/modules/cjs/loader.js","function":"Module._extensions..js","line":712,"method":".js","native":false},{"column":32,"file":"internal/modules/cjs/loader.js","function":"Module.load","line":600,"method":"load","native":false},{"column":12,"file":"internal/modules/cjs/loader.js","function":"tryModuleLoad","line":539,"method":null,"native":false},{"column":3,"file":"internal/modules/cjs/loader.js","function":"Module._load","line":531,"method":"_load","native":false},{"column":17,"file":"internal/modules/cjs/loader.js","function":"Module.require","line":637,"method":"require","native":false},{"column":18,"file":"internal/modules/cjs/helpers.js","function":"require","line":22,"method":null,"native":false},{"column":16,"file":"C:\\Users\\Renato Anunciação\\Desktop\\ecommerceApi-master\\server.js","function":null,"line":19,"method":null,"native":false},{"column":30,"file":"internal/modules/cjs/loader.js","function":"Module._compile","line":701,"method":"_compile","native":false},{"column":10,"file":"internal/modules/cjs/loader.js","function":"Module._extensions..js","line":712,"method":".js","native":false},{"column":32,"file":"internal/modules/cjs/loader.js","function":"Module.load","line":600,"method":"load","native":false}]}
{"error":{"code":"MODULE_NOT_FOUND"},"level":"error","message":"uncaughtException: Cannot find module './app/controller/compra'\nError: Cannot find module './app/controller/compra'\n    at Function.Module._resolveFilename (internal/modules/cjs/loader.js:582:15)\n    at Function.Module._load (internal/modules/cjs/loader.js:508:25)\n    at Module.require (internal/modules/cjs/loader.js:637:17)\n    at require (internal/modules/cjs/helpers.js:22:18)\n    at Object.<anonymous> (C:\\Users\\Renato Anunciação\\Desktop\\ecommerceApi-master\\routes.js:4:20)\n    at Module._compile (internal/modules/cjs/loader.js:701:30)\n    at Object.Module._extensions..js (internal/modules/cjs/loader.js:712:10)\n    at Module.load (internal/modules/cjs/loader.js:600:32)\n    at tryModuleLoad (internal/modules/cjs/loader.js:539:12)\n    at Function.Module._load (internal/modules/cjs/loader.js:531:3)\n    at Module.require (internal/modules/cjs/loader.js:637:17)\n    at require (internal/modules/cjs/helpers.js:22:18)\n    at Object.<anonymous> (C:\\Users\\Renato Anunciação\\Desktop\\ecommerceApi-master\\server.js:19:16)\n    at Module._compile (internal/modules/cjs/loader.js:701:30)\n    at Object.Module._extensions..js (internal/modules/cjs/loader.js:712:10)\n    at Module.load (internal/modules/cjs/loader.js:600:32)","stack":"Error: Cannot find module './app/controller/compra'\n    at Function.Module._resolveFilename (internal/modules/cjs/loader.js:582:15)\n    at Function.Module._load (internal/modules/cjs/loader.js:508:25)\n    at Module.require (internal/modules/cjs/loader.js:637:17)\n    at require (internal/modules/cjs/helpers.js:22:18)\n    at Object.<anonymous> (C:\\Users\\Renato Anunciação\\Desktop\\ecommerceApi-master\\routes.js:4:20)\n    at Module._compile (internal/modules/cjs/loader.js:701:30)\n    at Object.Module._extensions..js (internal/modules/cjs/loader.js:712:10)\n    at Module.load (internal/modules/cjs/loader.js:600:32)\n    at tryModuleLoad (internal/modules/cjs/loader.js:539:12)\n    at Function.Module._load (internal/modules/cjs/loader.js:531:3)\n    at Module.require (internal/modules/cjs/loader.js:637:17)\n    at require (internal/modules/cjs/helpers.js:22:18)\n    at Object.<anonymous> (C:\\Users\\Renato Anunciação\\Desktop\\ecommerceApi-master\\server.js:19:16)\n    at Module._compile (internal/modules/cjs/loader.js:701:30)\n    at Object.Module._extensions..js (internal/modules/cjs/loader.js:712:10)\n    at Module.load (internal/modules/cjs/loader.js:600:32)","exception":true,"date":"Sun Sep 29 2019 11:17:31 GMT-0300 (GMT-03:00)","process":{"pid":19536,"uid":null,"gid":null,"cwd":"C:\\Users\\Renato Anunciação\\Desktop\\ecommerceApi-master","execPath":"C:\\Program Files\\nodejs\\node.exe","version":"v10.15.3","argv":["C:\\Program Files\\nodejs\\node.exe","C:\\Users\\Renato Anunciação\\Desktop\\ecommerceApi-master\\server.js"],"memoryUsage":{"rss":61968384,"heapTotal":61231104,"heapUsed":30949360,"external":18379808}},"os":{"loadavg":[0,0,0],"uptime":486143},"trace":[{"column":15,"file":"internal/modules/cjs/loader.js","function":"Module._resolveFilename","line":582,"method":"_resolveFilename","native":false},{"column":25,"file":"internal/modules/cjs/loader.js","function":"Module._load","line":508,"method":"_load","native":false},{"column":17,"file":"internal/modules/cjs/loader.js","function":"Module.require","line":637,"method":"require","native":false},{"column":18,"file":"internal/modules/cjs/helpers.js","function":"require","line":22,"method":null,"native":false},{"column":20,"file":"C:\\Users\\Renato Anunciação\\Desktop\\ecommerceApi-master\\routes.js","function":null,"line":4,"method":null,"native":false},{"column":30,"file":"internal/modules/cjs/loader.js","function":"Module._compile","line":701,"method":"_compile","native":false},{"column":10,"file":"internal/modules/cjs/loader.js","function":"Module._extensions..js","line":712,"method":".js","native":false},{"column":32,"file":"internal/modules/cjs/loader.js","function":"Module.load","line":600,"method":"load","native":false},{"column":12,"file":"internal/modules/cjs/loader.js","function":"tryModuleLoad","line":539,"method":null,"native":false},{"column":3,"file":"internal/modules/cjs/loader.js","function":"Module._load","line":531,"method":"_load","native":false},{"column":17,"file":"internal/modules/cjs/loader.js","function":"Module.require","line":637,"method":"require","native":false},{"column":18,"file":"internal/modules/cjs/helpers.js","function":"require","line":22,"method":null,"native":false},{"column":16,"file":"C:\\Users\\Renato Anunciação\\Desktop\\ecommerceApi-master\\server.js","function":null,"line":19,"method":null,"native":false},{"column":30,"file":"internal/modules/cjs/loader.js","function":"Module._compile","line":701,"method":"_compile","native":false},{"column":10,"file":"internal/modules/cjs/loader.js","function":"Module._extensions..js","line":712,"method":".js","native":false},{"column":32,"file":"internal/modules/cjs/loader.js","function":"Module.load","line":600,"method":"load","native":false}]}
{"message":"GET /ecommerce/produtos 304 - - 201.945 ms\n","level":"info"}
{"message":"GET /ecommerce/compra 404 155 - 4.536 ms\n","level":"info"}
{"message":"GET /ecommerce/compras 200 2 - 170.452 ms\n","level":"info"}
{"message":"POST /ecommerce/compras 400 140 - 4.328 ms\n","level":"info"}
{"message":"POST /ecommerce/compras - - - - ms\n","level":"info"}
{"message":"POST /ecommerce/compras - - - - ms\n","level":"info"}
{"message":"GET /ecommerce/compras 200 136 - 168.779 ms\n","level":"info"}
{"message":"POST /ecommerce/compras - - - - ms\n","level":"info"}
{"message":"POST /ecommerce/compras 400 486 - 10.391 ms\n","level":"info"}
{"message":"POST /ecommerce/compras 400 481 - 1.688 ms\n","level":"info"}
{"message":"POST /ecommerce/compras 400 481 - 24.427 ms\n","level":"info"}
{"message":"POST /ecommerce/compras 400 491 - 3.306 ms\n","level":"info"}
{"message":"POST /ecommerce/compras - - - - ms\n","level":"info"}
{"message":"POST /ecommerce/compras 201 43 - 215.508 ms\n","level":"info"}
{"message":"GET /ecommerce/compras 200 287 - 189.027 ms\n","level":"info"}
{"error":{},"level":"error","message":"uncaughtException: Route.get() requires a callback function but got a [object Undefined]\nError: Route.get() requires a callback function but got a [object Undefined]\n    at Route.(anonymous function) [as get] (C:\\Users\\Renato Anunciação\\Desktop\\ecommerceApi-master\\node_modules\\express\\lib\\router\\route.js:202:15)\n    at module.exports (C:\\Users\\Renato Anunciação\\Desktop\\ecommerceApi-master\\routes.js:53:6)\n    at Object.<anonymous> (C:\\Users\\Renato Anunciação\\Desktop\\ecommerceApi-master\\server.js:71:23)\n    at Module._compile (internal/modules/cjs/loader.js:701:30)\n    at Object.Module._extensions..js (internal/modules/cjs/loader.js:712:10)\n    at Module.load (internal/modules/cjs/loader.js:600:32)\n    at tryModuleLoad (internal/modules/cjs/loader.js:539:12)\n    at Function.Module._load (internal/modules/cjs/loader.js:531:3)\n    at Function.Module.runMain (internal/modules/cjs/loader.js:754:12)\n    at startup (internal/bootstrap/node.js:283:19)\n    at bootstrapNodeJSCore (internal/bootstrap/node.js:622:3)","stack":"Error: Route.get() requires a callback function but got a [object Undefined]\n    at Route.(anonymous function) [as get] (C:\\Users\\Renato Anunciação\\Desktop\\ecommerceApi-master\\node_modules\\express\\lib\\router\\route.js:202:15)\n    at module.exports (C:\\Users\\Renato Anunciação\\Desktop\\ecommerceApi-master\\routes.js:53:6)\n    at Object.<anonymous> (C:\\Users\\Renato Anunciação\\Desktop\\ecommerceApi-master\\server.js:71:23)\n    at Module._compile (internal/modules/cjs/loader.js:701:30)\n    at Object.Module._extensions..js (internal/modules/cjs/loader.js:712:10)\n    at Module.load (internal/modules/cjs/loader.js:600:32)\n    at tryModuleLoad (internal/modules/cjs/loader.js:539:12)\n    at Function.Module._load (internal/modules/cjs/loader.js:531:3)\n    at Function.Module.runMain (internal/modules/cjs/loader.js:754:12)\n    at startup (internal/bootstrap/node.js:283:19)\n    at bootstrapNodeJSCore (internal/bootstrap/node.js:622:3)","exception":true,"date":"Sun Sep 29 2019 11:41:03 GMT-0300 (GMT-03:00)","process":{"pid":20120,"uid":null,"gid":null,"cwd":"C:\\Users\\Renato Anunciação\\Desktop\\ecommerceApi-master","execPath":"C:\\Program Files\\nodejs\\node.exe","version":"v10.15.3","argv":["C:\\Program Files\\nodejs\\node.exe","C:\\Users\\Renato Anunciação\\Desktop\\ecommerceApi-master\\server.js"],"memoryUsage":{"rss":62013440,"heapTotal":61231104,"heapUsed":31758080,"external":18388000}},"os":{"loadavg":[0,0,0],"uptime":487555},"trace":[{"column":15,"file":"C:\\Users\\Renato Anunciação\\Desktop\\ecommerceApi-master\\node_modules\\express\\lib\\router\\route.js","function":"Route.(anonymous function) [as get]","line":202,"method":"(anonymous function) [as get]","native":false},{"column":6,"file":"C:\\Users\\Renato Anunciação\\Desktop\\ecommerceApi-master\\routes.js","function":"module.exports","line":53,"method":"exports","native":false},{"column":23,"file":"C:\\Users\\Renato Anunciação\\Desktop\\ecommerceApi-master\\server.js","function":null,"line":71,"method":null,"native":false},{"column":30,"file":"internal/modules/cjs/loader.js","function":"Module._compile","line":701,"method":"_compile","native":false},{"column":10,"file":"internal/modules/cjs/loader.js","function":"Module._extensions..js","line":712,"method":".js","native":false},{"column":32,"file":"internal/modules/cjs/loader.js","function":"Module.load","line":600,"method":"load","native":false},{"column":12,"file":"internal/modules/cjs/loader.js","function":"tryModuleLoad","line":539,"method":null,"native":false},{"column":3,"file":"internal/modules/cjs/loader.js","function":"Module._load","line":531,"method":"_load","native":false},{"column":12,"file":"internal/modules/cjs/loader.js","function":"Module.runMain","line":754,"method":"runMain","native":false},{"column":19,"file":"internal/bootstrap/node.js","function":"startup","line":283,"method":null,"native":false},{"column":3,"file":"internal/bootstrap/node.js","function":"bootstrapNodeJSCore","line":622,"method":null,"native":false}]}
{"message":"GET /ecommerce/compras/5d90be4b1c9d440000bd09c1 200 134 - 206.335 ms\n","level":"info"}
{"message":"GET /ecommerce/compras 304 - - 167.467 ms\n","level":"info"}
{"message":"GET /ecommerce/compras 304 - - 200.850 ms\n","level":"info"}
{"message":"GET /ecommerce/compras 304 - - 172.214 ms\n","level":"info"}
{"message":"GET /ecommerce/compras 304 - - 167.992 ms\n","level":"info"}
{"message":"GET /ecommerce/compras 304 - - 164.533 ms\n","level":"info"}
{"message":"GET /ecommerce/compras 304 - - 166.073 ms\n","level":"info"}
{"message":"GET /ecommerce/produtos 304 - - 175.113 ms\n","level":"info"}
{"message":"GET /ecommerce/logout 302 0 - 36.541 ms\n","level":"info"}
{"message":"Página inicial da aplicação","level":"info"}
{"message":"GET / 304 - - 1.183 ms\n","level":"info"}
{"message":"GET /ecommerce/produtos 304 - - 168.056 ms\n","level":"info"}
{"message":"GET /ecommerce/produtos 200 858 - 1430.889 ms\n","level":"info"}
{"message":"GET /favicon.ico 404 150 - 5.178 ms\n","level":"info"}
{"message":"GET /ecommerce/compras 302 88 - 44.362 ms\n","level":"info"}
{"message":"GET /ecommerce/auth/google 302 0 - 2.107 ms\n","level":"info"}
{"message":"GET /ecommerce/auth/google/callback?code=4%2FrwHPMFPwbqyl083RwoBS9866BG0g3cloMEItixle32WHqVdq-K91HA88gxu6hFTmjW60oZ0kGFho01-KNK1uDak&scope=email+profile+https%3A%2F%2Fwww.googleapis.com%2Fauth%2Fuserinfo.profile+https%3A%2F%2Fwww.googleapis.com%2Fauth%2Fuserinfo.email+openid&authuser=0&session_state=5972767c3ef6bbecdc1a174aa1611b914e58ea66..05f5&prompt=consent 200 238 - 718.186 ms\n","level":"info"}
{"message":"GET /ecommerce/compras 200 287 - 163.160 ms\n","level":"info"}
{"message":"GET /ecommerce/produtos 304 - - 175.933 ms\n","level":"info"}
{"message":"GET /ecommerce/compras 304 - - 152.472 ms\n","level":"info"}
